R2: tensor(0.9931)

ptend_t_0 -4.801638870786931e-06 -6.867096932173429e-06
ptend_t_1 -7.473472949586226e-05 -8.034355157732876e-05
ptend_t_2 -5.428651663305691e-05 -5.409683910760539e-05
ptend_t_3 -5.685767980732374e-05 -5.826146151117465e-05
ptend_t_4 -7.936370218657128e-05 -8.193379121244959e-05
ptend_t_5 -9.052674175627421e-05 -9.390503099605023e-05
ptend_t_6 -8.378982932403733e-05 -8.59038279184432e-05
ptend_t_7 -7.111060297505163e-05 -7.277780835304762e-05
ptend_t_8 -5.3827126057295e-05 -5.569568952227636e-05
ptend_t_9 -3.824551664333652e-05 -3.9947722510073426e-05
ptend_t_10 -2.3423422583397134e-05 -2.5285732407738237e-05
ptend_t_11 -1.4176937584679763e-05 -1.5898340007443796e-05
ptend_t_12 -8.670444266435245e-06 -9.993256154222271e-06
ptend_t_13 -6.551752159019512e-06 -8.044740779690566e-06
ptend_t_14 -3.787940577765457e-06 -5.387187600428925e-06
ptend_t_15 -2.9520370920577644e-07 -1.1011761505130835e-06
ptend_t_16 1.415026777881691e-06 2.2725162811809698e-06
ptend_t_17 1.571050757280873e-06 2.8439319059714308e-06
ptend_t_18 -5.472853200184416e-06 6.494854157826542e-06
ptend_t_19 1.553955297560649e-05 -6.638881101679317e-06
ptend_t_20 1.6584012547631493e-06 1.7339697924019978e-07
ptend_t_21 -2.2927989288512688e-06 1.5987681639728636e-06
ptend_t_22 -9.168648990596421e-06 -3.6773972022767036e-06
ptend_t_23 -1.1182972683643774e-05 -1.6527169405714896e-05
ptend_t_24 -1.703721060268397e-05 -9.512531212365616e-06
ptend_t_25 -2.79929224159002e-05 -1.6631310544781287e-05
ptend_t_26 -4.638507637700688e-05 -1.84101459229898e-05
ptend_t_27 -4.3371134067062616e-05 -1.2955843962814128e-05
ptend_t_28 -4.283210505787958e-05 -1.327928914873174e-05
ptend_t_29 -5.0015374538893004e-05 -1.0143874485564197e-05
ptend_t_30 -6.009691875486859e-05 -2.7208491798376143e-05
ptend_t_31 -4.22676749325817e-05 -2.8147781766302654e-05
ptend_t_32 -5.615317935681888e-05 -3.8747427892526316e-05
ptend_t_33 -5.60183750668647e-05 -3.623163982500917e-05
ptend_t_34 -3.117125766440452e-05 -4.399273940506987e-05
ptend_t_35 -4.887859019454198e-05 -1.3807913166488106e-05
ptend_t_36 -4.393598375416364e-05 -3.813255648192163e-05
ptend_t_37 -2.6808489979968e-05 -2.137510671412694e-05
ptend_t_38 -1.677617291952193e-05 -2.3121416799133006e-05
ptend_t_39 -3.598117977982566e-05 -1.998536676547739e-05
ptend_t_40 -3.6433276600301144e-05 -4.0450120317530035e-05
ptend_t_41 -4.05991061126445e-05 2.361818157557612e-06
ptend_t_42 -4.545858519989015e-05 -9.793719853912345e-05
ptend_t_43 -3.382110365310214e-05 -3.0504112401293545e-05
ptend_t_44 -1.1791190883614744e-05 2.432944467372522e-05
ptend_t_45 -2.6639196015163567e-06 -2.794666630023812e-06
ptend_t_46 1.5065891369263716e-06 -4.2615334041281965e-05
ptend_t_47 1.5559845557329407e-05 1.7147266503722374e-05
ptend_t_48 1.352302106818663e-05 -3.199002213065683e-05
ptend_t_49 1.2485971289418193e-05 -2.7626039819542333e-05
ptend_t_50 2.6021658444901478e-05 -1.368344702465644e-05
ptend_t_51 2.727150286702933e-05 -1.3055134531327894e-05
ptend_t_52 -4.759819964314286e-06 -3.026897231611277e-06
ptend_t_53 -2.7250618837196956e-05 -1.3630490470433187e-05
ptend_t_54 -2.1613887636976763e-05 -3.6198098259347946e-05
ptend_t_55 -2.6857874652376293e-05 -2.715515925899581e-05
ptend_t_56 -3.1613987014887035e-05 5.0870332609065376e-06
ptend_t_57 -3.3755710660398765e-05 2.119409185515527e-06
ptend_t_58 -5.343540656432811e-05 -3.888275088892593e-05
ptend_t_59 -8.113919231054237e-05 -6.790255942737152e-05
ptend_q0001_0 0.0 0.0
ptend_q0001_1 0.0 0.0
ptend_q0001_2 0.0 0.0
ptend_q0001_3 0.0 0.0
ptend_q0001_4 0.0 0.0
ptend_q0001_5 0.0 0.0
ptend_q0001_6 0.0 0.0
ptend_q0001_7 0.0 0.0
ptend_q0001_8 0.0 0.0
ptend_q0001_9 0.0 0.0
ptend_q0001_10 0.0 0.0
ptend_q0001_11 0.0 0.0
ptend_q0001_12 -6.246820646105935e-15 -7.724654839332372e-15
ptend_q0001_13 2.9483585498196543e-14 1.910322154381247e-15
ptend_q0001_14 -1.3884762887154262e-13 -1.4579759233657485e-16
ptend_q0001_15 1.4933132065172325e-13 -3.5053438828564274e-15
ptend_q0001_16 -5.914176899459752e-14 1.7285850089909952e-14
ptend_q0001_17 -3.773003822540446e-12 -2.020149546976086e-12
ptend_q0001_18 -4.693862373560246e-13 -6.571301415760063e-12
ptend_q0001_19 -1.4146855428333896e-11 -7.463928092633514e-12
ptend_q0001_20 -6.449274111486354e-11 -1.595832510735986e-11
ptend_q0001_21 -1.7260209201248182e-10 -4.8946745174828155e-11
ptend_q0001_22 -1.946590225985709e-10 4.9168400916823976e-11
ptend_q0001_23 2.089405869284203e-10 2.0843190494423345e-10
ptend_q0001_24 8.26078356941683e-10 -8.669008528938586e-11
ptend_q0001_25 2.0000510366630777e-09 -4.5228606430341384e-11
ptend_q0001_26 2.89221456389041e-09 8.639689614013289e-11
ptend_q0001_27 1.6902569082785751e-09 1.636028384131363e-11
ptend_q0001_28 1.2993657149747216e-09 -2.2087141736848657e-10
ptend_q0001_29 6.009144178001003e-09 -6.794870063122942e-10
ptend_q0001_30 9.213876514663266e-09 -6.438702894584893e-10
ptend_q0001_31 9.560990293038318e-09 1.836287598412475e-10
ptend_q0001_32 1.2711911788765307e-08 2.0349996426608e-09
ptend_q0001_33 7.151047642485308e-09 7.757230466097506e-10
ptend_q0001_34 -5.253932451901372e-09 -6.266323741069359e-10
ptend_q0001_35 1.0626395058909663e-09 -1.5407266302964034e-09
ptend_q0001_36 7.1089984457082955e-09 1.2971207042590541e-09
ptend_q0001_37 -1.000740285827953e-08 -6.741653836847615e-09
ptend_q0001_38 -1.6837640821653666e-08 1.4911826503086e-08
ptend_q0001_39 -6.612902629946707e-10 2.282219126434525e-08
ptend_q0001_40 3.4437606816706085e-09 -2.0902216944690453e-08
ptend_q0001_41 2.2964252140702672e-08 -4.018379908338459e-08
ptend_q0001_42 3.353805531281393e-08 3.7263000595455454e-08
ptend_q0001_43 3.9462853388112346e-08 3.277191891972823e-08
ptend_q0001_44 1.831272040612429e-08 -5.7092100534846704e-08
ptend_q0001_45 9.225960129699468e-09 -2.7912422570712815e-08
ptend_q0001_46 1.4081529624424346e-08 6.936241458345427e-08
ptend_q0001_47 -7.134252947627577e-10 -3.9094412329934306e-08
ptend_q0001_48 1.2873370558704935e-10 2.7376445455255112e-08
ptend_q0001_49 -1.722380731045946e-08 1.8351733333507995e-08
ptend_q0001_50 -2.0974622199529235e-08 5.07978843327569e-09
ptend_q0001_51 -4.114071206319213e-08 -7.569959245082766e-09
ptend_q0001_52 -3.614185850453582e-08 -2.301216318618092e-08
ptend_q0001_53 -1.3823009383084544e-08 -1.775109512712567e-08
ptend_q0001_54 -2.7873759087866325e-08 1.9940402257165196e-08
ptend_q0001_55 -1.509804596820826e-08 2.950587621905823e-08
ptend_q0001_56 1.755806854638698e-09 -1.9430229077358033e-08
ptend_q0001_57 -6.452282261677248e-09 -4.759773690522831e-08
ptend_q0001_58 -9.935754520466447e-09 -9.140192052840719e-09
ptend_q0001_59 -2.5276899155904593e-08 -5.535743602063115e-09
ptend_q0002_0 0.0 0.0
ptend_q0002_1 0.0 0.0
ptend_q0002_2 0.0 0.0
ptend_q0002_3 0.0 0.0
ptend_q0002_4 0.0 0.0
ptend_q0002_5 0.0 0.0
ptend_q0002_6 0.0 0.0
ptend_q0002_7 0.0 0.0
ptend_q0002_8 0.0 0.0
ptend_q0002_9 0.0 0.0
ptend_q0002_10 0.0 0.0
ptend_q0002_11 0.0 0.0
ptend_q0002_12 -6.977141751334987e-42 -9.384313837509678e-45
ptend_q0002_13 -1.5875364750365242e-47 -3.530827070209568e-50
ptend_q0002_14 3.4030091634769394e-52 -1.9633809066034995e-55
ptend_q0002_15 2.996115847108268e-56 0.0
ptend_q0002_16 0.0 0.0
ptend_q0002_17 0.0 0.0
ptend_q0002_18 -7.768367183727085e-56 0.0
ptend_q0002_19 1.426567109826015e-51 0.0
ptend_q0002_20 5.6455596869691145e-46 0.0
ptend_q0002_21 2.9258526496548454e-42 0.0
ptend_q0002_22 5.610089594666259e-39 0.0
ptend_q0002_23 6.656529021003563e-36 -4.508958999641348e-47
ptend_q0002_24 1.6424863133898022e-32 -3.438714047699296e-43
ptend_q0002_25 5.006314759671907e-28 0.0
ptend_q0002_26 1.8099209872094334e-23 0.0
ptend_q0002_27 5.210936202050205e-19 0.0
ptend_q0002_28 1.59330120452385e-14 0.0
ptend_q0002_29 4.0434083728685814e-11 0.0
ptend_q0002_30 1.8493410618472784e-10 0.0
ptend_q0002_31 -3.2312079016870356e-11 -5.374347302083765e-15
ptend_q0002_32 2.053127912933045e-10 0.0
ptend_q0002_33 -2.5569592177238013e-10 0.0
ptend_q0002_34 -1.3432848888943422e-09 0.0
ptend_q0002_35 -4.798428030683242e-10 0.0
ptend_q0002_36 3.312911111584446e-09 0.0
ptend_q0002_37 -1.7616014840886981e-09 0.0
ptend_q0002_38 -2.721183732410121e-09 0.0
ptend_q0002_39 1.122763790489085e-09 0.0
ptend_q0002_40 4.16221719843402e-10 0.0
ptend_q0002_41 7.583673085074164e-11 -2.0793831044232077e-10
ptend_q0002_42 2.0770443296198093e-09 4.180783209009216e-09
ptend_q0002_43 6.000809159847221e-09 1.2342783084897312e-08
ptend_q0002_44 2.578114126301336e-09 1.5967185745490774e-09
ptend_q0002_45 -1.7103951124849634e-09 2.045191013833806e-09
ptend_q0002_46 1.4160687355160022e-09 5.620263220398889e-09
ptend_q0002_47 -9.64929194917074e-10 7.259758977352068e-10
ptend_q0002_48 -4.163097230574099e-09 -1.108234394435352e-09
ptend_q0002_49 -4.016568035815909e-09 -1.8016501882803685e-09
ptend_q0002_50 -7.986625953894156e-10 -2.635609361275607e-10
ptend_q0002_51 -7.556992442816131e-10 -1.876128852744036e-10
ptend_q0002_52 -2.8725092412995193e-09 0.0
ptend_q0002_53 -9.651156386250055e-10 0.0
ptend_q0002_54 5.647049244950308e-10 -7.47408991309303e-12
ptend_q0002_55 -4.4798325666760616e-10 -2.0169942479701516e-12
ptend_q0002_56 6.118212825016293e-10 -3.5817490986894305e-12
ptend_q0002_57 -2.164459933235424e-10 -1.7624349249345591e-13
ptend_q0002_58 -5.282919685854977e-10 -2.6007841148494e-12
ptend_q0002_59 4.568039549587352e-10 -2.617491002778079e-11
ptend_q0003_0 0.0 0.0
ptend_q0003_1 0.0 0.0
ptend_q0003_2 0.0 0.0
ptend_q0003_3 0.0 0.0
ptend_q0003_4 0.0 0.0
ptend_q0003_5 0.0 0.0
ptend_q0003_6 0.0 0.0
ptend_q0003_7 0.0 0.0
ptend_q0003_8 0.0 0.0
ptend_q0003_9 0.0 0.0
ptend_q0003_10 0.0 0.0
ptend_q0003_11 0.0 0.0
ptend_q0003_12 1.3078838671757011e-30 -4.391232819886029e-20
ptend_q0003_13 1.232389421725082e-27 -2.5618483564550553e-26
ptend_q0003_14 1.3412216718847846e-22 -1.257508778332914e-26
ptend_q0003_15 3.6351518576498876e-16 -5.284865265609439e-22
ptend_q0003_16 1.2985393162555383e-13 -1.8909910282094666e-17
ptend_q0003_17 2.5555096486841376e-11 -3.4128554779431044e-13
ptend_q0003_18 4.556757666447381e-10 1.973752743235324e-12
ptend_q0003_19 7.402337479496336e-10 6.71638732464369e-12
ptend_q0003_20 6.407871493854941e-10 -4.125049654417923e-12
ptend_q0003_21 2.6898127209872585e-11 -1.637953280761985e-11
ptend_q0003_22 -5.104600195573488e-10 0.0
ptend_q0003_23 -1.0831181534430958e-09 0.0
ptend_q0003_24 -2.1336945089942323e-09 -1.819622125361397e-12
ptend_q0003_25 -1.2879192214611212e-09 -1.8727496675629797e-12
ptend_q0003_26 1.6634517571672897e-09 -2.6935352639522524e-12
ptend_q0003_27 1.1315468581272471e-09 0.0
ptend_q0003_28 -8.285996757598552e-10 0.0
ptend_q0003_29 -4.215684215840727e-11 0.0
ptend_q0003_30 -1.7770085309486977e-10 0.0
ptend_q0003_31 4.0377544728186323e-10 0.0
ptend_q0003_32 -2.0153836758053588e-11 0.0
ptend_q0003_33 -1.093141410312229e-09 0.0
ptend_q0003_34 -1.3475850279741421e-09 0.0
ptend_q0003_35 9.294977724630098e-11 0.0
ptend_q0003_36 1.0666893334379238e-09 0.0
ptend_q0003_37 5.1656660834979e-10 0.0
ptend_q0003_38 2.6253623535869884e-10 0.0
ptend_q0003_39 3.2908966744650547e-10 -6.296732428400007e-12
ptend_q0003_40 4.8746806673623544e-11 -2.5381416397520016e-11
ptend_q0003_41 -7.065600299955207e-11 -1.1975590740382579e-11
ptend_q0003_42 -1.2908520793026243e-10 -2.157610002063253e-11
ptend_q0003_43 4.16278227363005e-10 -3.045854180398235e-11
ptend_q0003_44 -1.786698338055792e-11 -3.86156979118283e-10
ptend_q0003_45 -5.892412524157217e-10 -4.766566558798745e-11
ptend_q0003_46 -1.915998537331244e-10 -2.0142833032336695e-11
ptend_q0003_47 -3.5302577588810724e-10 -3.930916431493754e-12
ptend_q0003_48 -2.5310817264905117e-10 -7.471912236798929e-12
ptend_q0003_49 -1.8147160264216308e-10 -2.2223429352021267e-11
ptend_q0003_50 -1.5580349178780405e-10 -4.4062546342950727e-13
ptend_q0003_51 -3.3496550209198324e-10 -9.372419842057131e-13
ptend_q0003_52 -3.046106006121811e-10 -1.1727357146281589e-12
ptend_q0003_53 -2.4564650643852376e-10 -2.5763479560045836e-14
ptend_q0003_54 -5.965864109706097e-11 -2.5576775627896167e-13
ptend_q0003_55 2.0299290236654616e-11 -4.59669546717505e-13
ptend_q0003_56 1.255990364105916e-10 -1.7702315667002027e-12
ptend_q0003_57 1.516276209454767e-10 -3.6278270749871644e-14
ptend_q0003_58 1.3469981175081322e-10 -7.5944413960741e-13
ptend_q0003_59 1.0493342465132083e-10 -6.626093273503209e-12
ptend_u_0 0.0 0.0
ptend_u_1 0.0 0.0
ptend_u_2 0.0 0.0
ptend_u_3 0.0 0.0
ptend_u_4 0.0 0.0
ptend_u_5 0.0 0.0
ptend_u_6 0.0 0.0
ptend_u_7 0.0 0.0
ptend_u_8 0.0 0.0
ptend_u_9 0.0 0.0
ptend_u_10 0.0 0.0
ptend_u_11 0.0 0.0
ptend_u_12 -2.4761784842694134e-08 5.346393765851924e-09
ptend_u_13 1.477926331726015e-07 -6.783766282666044e-07
ptend_u_14 -2.491393804393447e-07 -7.959817264276599e-08
ptend_u_15 1.0296430124254704e-06 1.7650875599772854e-06
ptend_u_16 -9.715052314021166e-07 -1.1077664575006214e-06
ptend_u_17 6.846477096662432e-06 2.144295991696188e-07
ptend_u_18 5.896840937128474e-06 2.2562158218090526e-06
ptend_u_19 3.270092818864099e-07 6.964442191138194e-06
ptend_u_20 -2.0097396660559725e-06 7.756527808903494e-07
ptend_u_21 -1.4349175656954214e-05 -1.7938183081334102e-06
ptend_u_22 2.7585376099825564e-06 -3.6802432714673948e-06
ptend_u_23 2.4339828580547105e-06 -1.08392996360962e-05
ptend_u_24 6.36872498248825e-06 -3.53889729166094e-06
ptend_u_25 -6.677463835898583e-06 -8.27051598387918e-06
ptend_u_26 -1.6330450059560994e-05 -2.0663379525368936e-06
ptend_u_27 -3.744936346168252e-06 -1.4196489721829408e-06
ptend_u_28 1.8906349693856603e-06 2.8806818691033224e-07
ptend_u_29 7.3386593036497725e-06 7.700250703128002e-06
ptend_u_30 6.751707215839102e-06 4.845093717061507e-06
ptend_u_31 5.333470327772027e-06 2.9625462261343807e-06
ptend_u_32 1.0605943554165158e-05 1.3757465619601561e-06
ptend_u_33 6.87988684298598e-06 6.663706058205321e-06
ptend_u_34 5.447710464794851e-07 4.939673843038506e-06
ptend_u_35 -4.309195860324438e-06 -7.972516128682549e-06
ptend_u_36 -1.7722135099010081e-06 -1.577688243393401e-06
ptend_u_37 -4.883116914376027e-06 -1.5713366548967638e-07
ptend_u_38 -2.625120593280907e-06 -3.881291401487038e-06
ptend_u_39 -1.5191006154916817e-06 -5.150055765253588e-08
ptend_u_40 -1.2577921544701452e-06 -1.6235000205089279e-07
ptend_u_41 -3.8033717055294655e-06 8.257078229156889e-07
ptend_u_42 -4.9389472770198076e-06 -1.2682418241401669e-06
ptend_u_43 -1.284435038687678e-05 -4.909150640254693e-06
ptend_u_44 -1.2721493057497714e-05 -8.29535600769556e-06
ptend_u_45 -4.698972955910305e-06 2.2084756781781676e-06
ptend_u_46 -6.269569148133771e-06 1.5802816701345386e-06
ptend_u_47 -4.446501702845157e-06 3.5220922610161113e-06
ptend_u_48 -3.2829785623795285e-06 6.443989246305663e-06
ptend_u_49 -3.3799457314898294e-06 9.20548834688173e-06
ptend_u_50 4.78924596399861e-06 1.2484779477697956e-05
ptend_u_51 5.603431435785657e-06 7.743610376835426e-06
ptend_u_52 9.861187160455194e-06 1.941842728302445e-06
ptend_u_53 1.1340942138488013e-05 -1.8067746812233666e-06
ptend_u_54 4.408597212422648e-06 -4.86484605210169e-06
ptend_u_55 2.62244928994052e-06 -7.090795913616462e-06
ptend_u_56 1.0157024241843826e-05 -4.3293480629069684e-06
ptend_u_57 1.4666687431530277e-05 -2.0029394255053717e-06
ptend_u_58 1.0272447831084208e-05 -3.002847783635983e-07
ptend_u_59 7.5146177818327935e-06 1.989277423370221e-06
ptend_v_0 0.0 0.0
ptend_v_1 0.0 0.0
ptend_v_2 0.0 0.0
ptend_v_3 0.0 0.0
ptend_v_4 0.0 0.0
ptend_v_5 0.0 0.0
ptend_v_6 0.0 0.0
ptend_v_7 0.0 0.0
ptend_v_8 0.0 0.0
ptend_v_9 0.0 0.0
ptend_v_10 0.0 0.0
ptend_v_11 0.0 0.0
ptend_v_12 2.0879059575018752e-08 5.7511137010098545e-11
ptend_v_13 2.0017985959579832e-07 1.2340546116170377e-07
ptend_v_14 -7.342127357949019e-07 -5.583962710368576e-07
ptend_v_15 2.465190575845551e-07 3.92233887345772e-07
ptend_v_16 1.7576496369342705e-08 -1.0406660045740127e-09
ptend_v_17 6.696307862092868e-07 8.367243816328103e-09
ptend_v_18 -2.77422048961762e-06 -6.702617845448048e-07
ptend_v_19 -1.031748995482751e-05 -4.4498235772068755e-06
ptend_v_20 -4.891110154382538e-06 1.671866297268861e-06
ptend_v_21 5.353068619434166e-06 1.5553780582126345e-06
ptend_v_22 8.254490075716258e-06 -9.412710298306592e-07
ptend_v_23 3.0714749885720438e-06 -1.7223679188601201e-06
ptend_v_24 -6.245095859130256e-07 -1.3162296732538437e-07
ptend_v_25 -2.446351950297088e-06 -1.2685871236225074e-06
ptend_v_26 8.119077184267446e-07 1.1180653816659596e-06
ptend_v_27 2.186224334279353e-06 2.937696722729773e-06
ptend_v_28 3.304082924469498e-06 1.4490940082771963e-05
ptend_v_29 9.73925486450572e-06 -2.3589825501302286e-06
ptend_v_30 1.2021368194871668e-05 1.0977481901190225e-06
ptend_v_31 8.00350810045558e-06 -8.366722019403916e-07
ptend_v_32 4.1913833200141366e-07 -1.288034581377051e-06
ptend_v_33 -6.474931506028973e-06 4.5823772049269355e-06
ptend_v_34 -7.241319314152754e-06 -9.367209157698878e-06
ptend_v_35 -6.202799658307824e-06 -4.774271080224454e-07
ptend_v_36 -1.8602873195613286e-06 -3.989742744985927e-06
ptend_v_37 3.909304014366938e-06 2.0148185492193176e-06
ptend_v_38 6.792169692630438e-06 1.4329771652730825e-06
ptend_v_39 4.08715603296565e-06 1.631540332931262e-07
ptend_v_40 2.882187845200985e-06 3.611641798180002e-07
ptend_v_41 -1.2766346142807628e-06 -7.647967390916888e-07
ptend_v_42 -3.1551058563965234e-06 3.374052818379732e-08
ptend_v_43 -6.2053957212967546e-06 7.645070576271876e-06
ptend_v_44 -1.2158723748170376e-05 -1.2319620546852132e-05
ptend_v_45 -1.5366901546149917e-05 -9.174603452855035e-06
ptend_v_46 -1.6435057239003015e-05 -6.548271862010235e-06
ptend_v_47 -1.3931101512922237e-05 -1.0562138200281105e-05
ptend_v_48 -9.631135528512749e-06 -1.2018050512726993e-05
ptend_v_49 -1.5075349872332408e-06 -1.2372267408468455e-05
ptend_v_50 8.047878972584727e-06 -7.396457717479867e-06
ptend_v_51 9.555546317450289e-06 1.408759464063362e-06
ptend_v_52 1.4500074311681125e-05 1.0939245156324865e-05
ptend_v_53 7.3511170197962845e-06 1.4466651685201744e-05
ptend_v_54 9.80042532665393e-06 2.081727988952157e-05
ptend_v_55 9.376013196703612e-06 2.2208405675773015e-05
ptend_v_56 3.623306671032945e-06 9.421275289124657e-06
ptend_v_57 2.1079096703611917e-06 1.4069741945782476e-06
ptend_v_58 -4.4224527727121554e-06 1.0801392772967026e-07
ptend_v_59 4.462351696496286e-07 -2.6867318191349984e-06
cam_out_NETSW -4.2470862587896703e-23 0.0
cam_out_FLWDS 399.5249321526354 392.6712679842784
cam_out_PRECSC -2.1105057821230478e-09 0.0
cam_out_PRECC -1.5608822447722638e-08 0.0
cam_out_SOLS -7.313704068148553e-05 0.0
cam_out_SOLL -0.0009396432509896653 0.0
cam_out_SOLSD -0.03128971094003257 0.0
cam_out_SOLLD -0.02327183538246779 0.0